{
  "stats": {
    "suites": 1,
    "tests": 3,
    "passes": 3,
    "pending": 0,
    "failures": 0,
    "start": "2021-03-12T09:21:33.661Z",
    "end": "2021-03-12T09:27:02.963Z",
    "duration": 329302,
    "testsRegistered": 3,
    "passPercent": 100,
    "pendingPercent": 0,
    "other": 0,
    "hasOther": false,
    "skipped": 0,
    "hasSkipped": false
  },
  "results": [
    {
      "uuid": "2133b2ac-902a-48dd-b812-7facb9cc87ac",
      "title": "",
      "fullFile": "",
      "file": "",
      "beforeHooks": [],
      "afterHooks": [],
      "tests": [],
      "suites": [
        {
          "uuid": "01b146aa-493b-4084-a525-c82783ce4378",
          "title": "GiftboxTesting",
          "fullFile": "/home/lucio/Escritorio/GIFTBOX/Testing/GiftboxTesting.spec.js",
          "file": "/GiftboxTesting.spec.js",
          "beforeHooks": [
            {
              "title": "\"before each\" hook in \"GiftboxTesting\"",
              "fullTitle": "GiftboxTesting \"before each\" hook in \"GiftboxTesting\"",
              "timedOut": false,
              "duration": 1231,
              "state": null,
              "speed": null,
              "pass": false,
              "fail": false,
              "pending": false,
              "context": null,
              "code": "driver = await new Builder().forBrowser('chrome').build()\nvars = {}",
              "err": {},
              "uuid": "052397cf-63ac-4da0-ab97-96bce5e772e4",
              "parentUUID": "01b146aa-493b-4084-a525-c82783ce4378",
              "isHook": true,
              "skipped": false
            }
          ],
          "afterHooks": [
            {
              "title": "\"after each\" hook in \"GiftboxTesting\"",
              "fullTitle": "GiftboxTesting \"after each\" hook in \"GiftboxTesting\"",
              "timedOut": false,
              "duration": 52,
              "state": null,
              "speed": null,
              "pass": false,
              "fail": false,
              "pending": false,
              "context": null,
              "code": "await driver.quit();",
              "err": {},
              "uuid": "a3410b99-795a-4833-98b3-c2c55898f86b",
              "parentUUID": "01b146aa-493b-4084-a525-c82783ce4378",
              "isHook": true,
              "skipped": false
            }
          ],
          "tests": [
            {
              "title": "Chequeo de campos vacios",
              "fullTitle": "GiftboxTesting Chequeo de campos vacios",
              "timedOut": false,
              "duration": 83121,
              "state": "passed",
              "speed": "slow",
              "pass": true,
              "fail": false,
              "pending": false,
              "context": null,
              "code": "// Logeo de usuario. Con nombre de cuenta y contraseña.\n    \n     await driver.get(\"http://localhost:3000\")\n     await driver.findElement(By.css(\"#headerContainer > div.headerUser.centerVerticalColumn > div.headerUserBottom.spaceBetween > a > div > p\")).click()\n     await driver.findElement(By.css(\"#root > div > div.editUsuario > div.modificarEmailUsuario > input[type=text]:nth-child(2)\")).sendKeys(\"lucio_benedettelli@gmail.com\")\n     await driver.sleep(15000)\n     await driver.findElement(By.css(\"#root > div > div.editUsuario > div.modificarEmailUsuario > input[type=texto]:nth-child(3)\")).sendKeys(\"sw2020\")\n     await driver.sleep(15000)\n     await driver.findElement(By.css(\"#root > div > div.editUsuario > div.guardaCambioContraseña\")).click()\n     await driver.sleep(15000)\n     await driver.findElement(By.css(\"#headerContainer > div.headerUser.centerVerticalColumn > div.headerUserBottom.spaceBetween > a > div > div > div > div > div > p\")).click()\n     await driver.sleep(15000)\n     //Primer prueba: Chequear si se puede llenar el formulario con campos vacios\n     await driver.findElement(By.css(\"#root > div > div:nth-child(2) > div:nth-child(2) > div > p\")).click()\n     await driver.sleep(15000)\n     assert(await driver.findElement(By.css(\".errores > h2\")).getText() == \"¡Todos los campos son requeridos!\")",
              "err": {},
              "uuid": "5ed84a41-ed0f-477f-b826-1d9bdff6415f",
              "parentUUID": "01b146aa-493b-4084-a525-c82783ce4378",
              "isHook": false,
              "skipped": false
            },
            {
              "title": "Testeo si las passwords coinciden",
              "fullTitle": "GiftboxTesting Testeo si las passwords coinciden",
              "timedOut": false,
              "duration": 114392,
              "state": "passed",
              "speed": "slow",
              "pass": true,
              "fail": false,
              "pending": false,
              "context": null,
              "code": "await driver.get(\"http://localhost:3000\")\nawait driver.findElement(By.css(\"#headerContainer > div.headerUser.centerVerticalColumn > div.headerUserBottom.spaceBetween > a > div > p\")).click()\nawait driver.findElement(By.css(\"#root > div > div.editUsuario > div.modificarEmailUsuario > input[type=text]:nth-child(2)\")).sendKeys(\"lucio_benedettelli@gmail.com\")\nawait driver.sleep(15000)\nawait driver.findElement(By.css(\"#root > div > div.editUsuario > div.modificarEmailUsuario > input[type=texto]:nth-child(3)\")).sendKeys(\"sw2020\")\nawait driver.sleep(15000)\nawait driver.findElement(By.css(\"#root > div > div.editUsuario > div.guardaCambioContraseña\")).click()\nawait driver.sleep(15000)\nawait driver.findElement(By.css(\"#headerContainer > div.headerUser.centerVerticalColumn > div.headerUserBottom.spaceBetween > a > div > div > div > div > div > p\")).click()\nawait driver.sleep(15000) \n\n     // Segunda prueba: Chequear si la contraseña actual con la verificadora coinciden o no.\n \n     await driver.findElement(By.css(\"#root > div > div:nth-child(2) > div:nth-child(2) > form > input[type=texto]:nth-child(1)\")).sendKeys(\"sw2020\")\n     await driver.sleep(15000)\n     await driver.findElement(By.css(\"#root > div > div:nth-child(2) > div:nth-child(2) > form > input[type=texto]:nth-child(2)\")).sendKeys(\"bootcamp\")\n     await driver.sleep(15000)\n     await driver.findElement(By.css(\"#root > div > div:nth-child(2) > div:nth-child(2) > form > div > input[type=texto]\")).sendKeys(\"star\")\n     await driver.sleep(15000)\n     assert(await driver.findElement(By.css(\".errores > h2\")).getText() == \"¡Las contraseñas no coinciden!\")",
              "err": {},
              "uuid": "a62223a8-9a7e-499c-91df-82e5f6d6f42f",
              "parentUUID": "01b146aa-493b-4084-a525-c82783ce4378",
              "isHook": false,
              "skipped": false
            },
            {
              "title": "Testeo si todo esta OK",
              "fullTitle": "GiftboxTesting Testeo si todo esta OK",
              "timedOut": false,
              "duration": 128719,
              "state": "passed",
              "speed": "slow",
              "pass": true,
              "fail": false,
              "pending": false,
              "context": null,
              "code": "await driver.get(\"http://localhost:3000\")\nawait driver.findElement(By.css(\"#headerContainer > div.headerUser.centerVerticalColumn > div.headerUserBottom.spaceBetween > a > div > p\")).click()\nawait driver.findElement(By.css(\"#root > div > div.editUsuario > div.modificarEmailUsuario > input[type=text]:nth-child(2)\")).sendKeys(\"lucio_benedettelli@gmail.com\")\nawait driver.sleep(15000)\nawait driver.findElement(By.css(\"#root > div > div.editUsuario > div.modificarEmailUsuario > input[type=texto]:nth-child(3)\")).sendKeys(\"sw2020\")\nawait driver.sleep(15000)\nawait driver.findElement(By.css(\"#root > div > div.editUsuario > div.guardaCambioContraseña\")).click()\nawait driver.sleep(15000)\nawait driver.findElement(By.css(\"#headerContainer > div.headerUser.centerVerticalColumn > div.headerUserBottom.spaceBetween > a > div > div > div > div > div > p\")).click()\nawait driver.sleep(15000) \n  \n     // Tercera prueba: Si se completan todos los campos. Y la contraseña actual con la verificadora coincide, \n     //se puede cambiar la contraseña..\n\n    \n \n     await driver.findElement(By.css(\"#root > div > div:nth-child(2) > div:nth-child(2) > form > input[type=texto]:nth-child(1)\")).sendKeys(\"sw2020\")\n     await driver.sleep(15000)\n \n     await driver.findElement(By.css(\"#root > div > div:nth-child(2) > div:nth-child(2) > form > input[type=texto]:nth-child(2)\")).sendKeys(\"sw2020\")\n     await driver.sleep(15000)\n\n     await driver.findElement(By.css(\"#root > div > div:nth-child(2) > div:nth-child(2) > form > div > input[type=texto]\")).sendKeys(\"sw2021\")\n     await driver.sleep(15000)\n \n     await driver.findElement(By.css(\"#root > div > div:nth-child(2) > div:nth-child(2) > div > p\")).click()\n     await driver.sleep(15000)\n    \n     assert(await driver.findElement(By.css(\".errores > h2\")).getText() == \"¡Se han guardado los cambios de manera exitosa!\")",
              "err": {},
              "uuid": "fd634e6e-49ec-4c03-89c1-0d1f2566dd92",
              "parentUUID": "01b146aa-493b-4084-a525-c82783ce4378",
              "isHook": false,
              "skipped": false
            }
          ],
          "suites": [],
          "passes": [
            "5ed84a41-ed0f-477f-b826-1d9bdff6415f",
            "a62223a8-9a7e-499c-91df-82e5f6d6f42f",
            "fd634e6e-49ec-4c03-89c1-0d1f2566dd92"
          ],
          "failures": [],
          "pending": [],
          "skipped": [],
          "duration": 326232,
          "root": false,
          "rootEmpty": false,
          "_timeout": 300000
        }
      ],
      "passes": [],
      "failures": [],
      "pending": [],
      "skipped": [],
      "duration": 0,
      "root": true,
      "rootEmpty": true,
      "_timeout": 2000
    }
  ],
  "meta": {
    "mocha": {
      "version": "8.3.1"
    },
    "mochawesome": {
      "options": {
        "quiet": false,
        "reportFilename": "mochawesome",
        "saveHtml": true,
        "saveJson": true,
        "consoleReporter": "spec",
        "useInlineDiffs": false,
        "code": true
      },
      "version": "6.2.2"
    },
    "marge": {
      "options": null,
      "version": "5.2.0"
    }
  }
}