{
  "stats": {
    "suites": 1,
    "tests": 3,
    "passes": 3,
    "pending": 0,
    "failures": 0,
    "start": "2021-03-12T08:49:40.018Z",
    "end": "2021-03-12T08:55:05.375Z",
    "duration": 325357,
    "testsRegistered": 3,
    "passPercent": 100,
    "pendingPercent": 0,
    "other": 0,
    "hasOther": false,
    "skipped": 0,
    "hasSkipped": false
  },
  "results": [
    {
      "uuid": "9c5544e4-0c67-4fb6-a853-d64936bb7545",
      "title": "",
      "fullFile": "",
      "file": "",
      "beforeHooks": [],
      "afterHooks": [],
      "tests": [],
      "suites": [
        {
          "uuid": "a8c83d99-c3df-4fa1-b14e-6f3784d2b9d2",
          "title": "GiftboxTesting",
          "fullFile": "/home/lucio/Escritorio/GIFTBOX/Testing/GiftboxTesting.spec.js",
          "file": "/GiftboxTesting.spec.js",
          "beforeHooks": [
            {
              "title": "\"before each\" hook in \"GiftboxTesting\"",
              "fullTitle": "GiftboxTesting \"before each\" hook in \"GiftboxTesting\"",
              "timedOut": false,
              "duration": 624,
              "state": null,
              "speed": null,
              "pass": false,
              "fail": false,
              "pending": false,
              "context": null,
              "code": "driver = await new Builder().forBrowser('chrome').build()\nvars = {}",
              "err": {},
              "uuid": "5aa22f5d-0b1e-48f7-b308-681f631db942",
              "parentUUID": "a8c83d99-c3df-4fa1-b14e-6f3784d2b9d2",
              "isHook": true,
              "skipped": false
            }
          ],
          "afterHooks": [
            {
              "title": "\"after each\" hook in \"GiftboxTesting\"",
              "fullTitle": "GiftboxTesting \"after each\" hook in \"GiftboxTesting\"",
              "timedOut": false,
              "duration": 52,
              "state": null,
              "speed": null,
              "pass": false,
              "fail": false,
              "pending": false,
              "context": null,
              "code": "await driver.quit();",
              "err": {},
              "uuid": "add91aea-8bc1-4b6b-8635-1e84cc26418b",
              "parentUUID": "a8c83d99-c3df-4fa1-b14e-6f3784d2b9d2",
              "isHook": true,
              "skipped": false
            }
          ],
          "tests": [
            {
              "title": "Chequeo de campos vacios",
              "fullTitle": "GiftboxTesting Chequeo de campos vacios",
              "timedOut": false,
              "duration": 81578,
              "state": "passed",
              "speed": "slow",
              "pass": true,
              "fail": false,
              "pending": false,
              "context": null,
              "code": "// Logeo de usuario. Con nombre de cuenta y contraseña.\n    \n     await driver.get(\"http://localhost:3000\")\n     await driver.findElement(By.css(\"#headerContainer > div.headerUser.centerVerticalColumn > div.headerUserBottom.spaceBetween > a > div > p\")).click()\n     await driver.findElement(By.css(\"#root > div > div.editUsuario > div.modificarEmailUsuario > input[type=text]:nth-child(2)\")).sendKeys(\"lucio_benedettelli@gmail.com\")\n     await driver.sleep(15000)\n     await driver.findElement(By.css(\"#root > div > div.editUsuario > div.modificarEmailUsuario > input[type=texto]:nth-child(3)\")).sendKeys(\"lucio123\")\n     await driver.sleep(15000)\n     await driver.findElement(By.css(\"#root > div > div.editUsuario > div.guardaCambioContraseña\")).click()\n     await driver.sleep(15000)\n     await driver.findElement(By.css(\"#headerContainer > div.headerUser.centerVerticalColumn > div.headerUserBottom.spaceBetween > a > div > div > div > div > div > p\")).click()\n     await driver.sleep(15000)\n     //Primer prueba: Chequear si se puede llenar el formulario con campos vacios\n     await driver.findElement(By.css(\"#root > div > div:nth-child(2) > div:nth-child(2) > div > p\")).click()\n     await driver.sleep(15000)\n     assert(await driver.findElement(By.css(\".errores > h2\")).getText() == \"¡Todos los campos son requeridos!\")",
              "err": {},
              "uuid": "1570e1c9-f4f2-474c-ba66-1240a0bd8f1c",
              "parentUUID": "a8c83d99-c3df-4fa1-b14e-6f3784d2b9d2",
              "isHook": false,
              "skipped": false
            },
            {
              "title": "Testeo si las passwords coinciden",
              "fullTitle": "GiftboxTesting Testeo si las passwords coinciden",
              "timedOut": false,
              "duration": 112275,
              "state": "passed",
              "speed": "slow",
              "pass": true,
              "fail": false,
              "pending": false,
              "context": null,
              "code": "await driver.get(\"http://localhost:3000\")\nawait driver.findElement(By.css(\"#headerContainer > div.headerUser.centerVerticalColumn > div.headerUserBottom.spaceBetween > a > div > p\")).click()\nawait driver.findElement(By.css(\"#root > div > div.editUsuario > div.modificarEmailUsuario > input[type=text]:nth-child(2)\")).sendKeys(\"lucio_benedettelli@gmail.com\")\nawait driver.sleep(15000)\nawait driver.findElement(By.css(\"#root > div > div.editUsuario > div.modificarEmailUsuario > input[type=texto]:nth-child(3)\")).sendKeys(\"lucio123\")\nawait driver.sleep(15000)\nawait driver.findElement(By.css(\"#root > div > div.editUsuario > div.guardaCambioContraseña\")).click()\nawait driver.sleep(15000)\nawait driver.findElement(By.css(\"#headerContainer > div.headerUser.centerVerticalColumn > div.headerUserBottom.spaceBetween > a > div > div > div > div > div > p\")).click()\nawait driver.sleep(15000) \n\n     // Segunda prueba: Chequear si la contraseña actual con la verificadora coinciden o no.\n \n     await driver.findElement(By.css(\"#root > div > div:nth-child(2) > div:nth-child(2) > form > input[type=texto]:nth-child(1)\")).sendKeys(\"lucio123\")\n     await driver.sleep(15000)\n     await driver.findElement(By.css(\"#root > div > div:nth-child(2) > div:nth-child(2) > form > input[type=texto]:nth-child(2)\")).sendKeys(\"bootcamp\")\n     await driver.sleep(15000)\n     await driver.findElement(By.css(\"#root > div > div:nth-child(2) > div:nth-child(2) > form > div > input[type=texto]\")).sendKeys(\"star\")\n     await driver.sleep(15000)\n     assert(await driver.findElement(By.css(\".errores > h2\")).getText() == \"¡Las contraseñas no coinciden!\")",
              "err": {},
              "uuid": "896ff8fc-c822-4588-a967-c0d68da656cb",
              "parentUUID": "a8c83d99-c3df-4fa1-b14e-6f3784d2b9d2",
              "isHook": false,
              "skipped": false
            },
            {
              "title": "Testeo si todo esta OK",
              "fullTitle": "GiftboxTesting Testeo si todo esta OK",
              "timedOut": false,
              "duration": 128571,
              "state": "passed",
              "speed": "slow",
              "pass": true,
              "fail": false,
              "pending": false,
              "context": null,
              "code": "await driver.get(\"http://localhost:3000\")\nawait driver.findElement(By.css(\"#headerContainer > div.headerUser.centerVerticalColumn > div.headerUserBottom.spaceBetween > a > div > p\")).click()\nawait driver.findElement(By.css(\"#root > div > div.editUsuario > div.modificarEmailUsuario > input[type=text]:nth-child(2)\")).sendKeys(\"lucio_benedettelli@gmail.com\")\nawait driver.sleep(15000)\nawait driver.findElement(By.css(\"#root > div > div.editUsuario > div.modificarEmailUsuario > input[type=texto]:nth-child(3)\")).sendKeys(\"lucio123\")\nawait driver.sleep(15000)\nawait driver.findElement(By.css(\"#root > div > div.editUsuario > div.guardaCambioContraseña\")).click()\nawait driver.sleep(15000)\nawait driver.findElement(By.css(\"#headerContainer > div.headerUser.centerVerticalColumn > div.headerUserBottom.spaceBetween > a > div > div > div > div > div > p\")).click()\nawait driver.sleep(15000) \n  \n     // Tercera prueba: Si se completan todos los campos. Y la contraseña actual con la verificadora coincide, \n     //se puede cambiar la contraseña..\n\n    \n \n     await driver.findElement(By.css(\"#root > div > div:nth-child(2) > div:nth-child(2) > form > input[type=texto]:nth-child(1)\")).sendKeys(\"lucio123\")\n     await driver.sleep(15000)\n \n     await driver.findElement(By.css(\"#root > div > div:nth-child(2) > div:nth-child(2) > form > input[type=texto]:nth-child(2)\")).sendKeys(\"lucio123\")\n     await driver.sleep(15000)\n\n     await driver.findElement(By.css(\"#root > div > div:nth-child(2) > div:nth-child(2) > form > div > input[type=texto]\")).sendKeys(\"sw2020\")\n     await driver.sleep(15000)\n \n     await driver.findElement(By.css(\"#root > div > div:nth-child(2) > div:nth-child(2) > div > p\")).click()\n     await driver.sleep(15000)\n    \n     assert(await driver.findElement(By.css(\".errores > h2\")).getText() == \"¡Se han guardado los cambios de manera exitosa!\")",
              "err": {},
              "uuid": "0c74da33-a34d-4d91-8d37-f36fa106f20a",
              "parentUUID": "a8c83d99-c3df-4fa1-b14e-6f3784d2b9d2",
              "isHook": false,
              "skipped": false
            }
          ],
          "suites": [],
          "passes": [
            "1570e1c9-f4f2-474c-ba66-1240a0bd8f1c",
            "896ff8fc-c822-4588-a967-c0d68da656cb",
            "0c74da33-a34d-4d91-8d37-f36fa106f20a"
          ],
          "failures": [],
          "pending": [],
          "skipped": [],
          "duration": 322424,
          "root": false,
          "rootEmpty": false,
          "_timeout": 300000
        }
      ],
      "passes": [],
      "failures": [],
      "pending": [],
      "skipped": [],
      "duration": 0,
      "root": true,
      "rootEmpty": true,
      "_timeout": 2000
    }
  ],
  "meta": {
    "mocha": {
      "version": "8.3.1"
    },
    "mochawesome": {
      "options": {
        "quiet": false,
        "reportFilename": "mochawesome",
        "saveHtml": true,
        "saveJson": true,
        "consoleReporter": "spec",
        "useInlineDiffs": false,
        "code": true
      },
      "version": "6.2.2"
    },
    "marge": {
      "options": null,
      "version": "5.2.0"
    }
  }
}